Getting pregame_08012018 file started...
File pregame_08012018 was created!
Opened Game Info file for date: 08/01/2018!
Opened matchups file for date: 08/01/2018!
File matchups_08012018, WITH extra Pitching stats was created!
Matchup file copied to web app
Getting pregame_08022018 file started...
File pregame_08022018 was created!
Opened Game Info file for date: 08/02/2018!
Opened matchups file for date: 08/02/2018!
File matchups_08022018, WITH extra Pitching stats was created!
Matchup file copied to web app
Getting pregame_08032018 file started...
File pregame_08032018 was created!
Opened Game Info file for date: 08/03/2018!
Opened matchups file for date: 08/03/2018!
File matchups_08032018, WITH extra Pitching stats was created!
Matchup file copied to web app
Getting pregame_08042018 file started...
File pregame_08042018 was created!
Opened Game Info file for date: 08/04/2018!
Opened matchups file for date: 08/04/2018!
File matchups_08042018, WITH extra Pitching stats was created!
Matchup file copied to web app
Getting pregame_08052018 file started...
File pregame_08052018 was created!
Opened Game Info file for date: 08/05/2018!
Opened matchups file for date: 08/05/2018!
File matchups_08052018, WITH extra Pitching stats was created!
Matchup file copied to web app
Getting pregame_08062018 file started...
File pregame_08062018 was created!
Opened Game Info file for date: 08/06/2018!
Opened matchups file for date: 08/06/2018!
File matchups_08062018, WITH extra Pitching stats was created!
Matchup file copied to web app
Getting pregame_08072018 file started...
File pregame_08072018 was created!
Opened Game Info file for date: 08/07/2018!
Opened matchups file for date: 08/07/2018!
File matchups_08072018, WITH extra Pitching stats was created!
Matchup file copied to web app
Getting pregame_08082018 file started...
File pregame_08082018 was created!
Opened Game Info file for date: 08/08/2018!
Opened matchups file for date: 08/08/2018!
File matchups_08082018, WITH extra Pitching stats was created!
Matchup file copied to web app
Getting pregame_08092018 file started...
File pregame_08092018 was created!
Opened Game Info file for date: 08/09/2018!
Opened matchups file for date: 08/09/2018!
File matchups_08092018, WITH extra Pitching stats was created!
Matchup file copied to web app
Getting pregame_08102018 file started...
File pregame_08102018 was created!
Opened Game Info file for date: 08/10/2018!
Opened matchups file for date: 08/10/2018!
File matchups_08102018, WITH extra Pitching stats was created!
Matchup file copied to web app
Getting pregame_08112018 file started...
File pregame_08112018 was created!
Opened Game Info file for date: 08/11/2018!
Opened matchups file for date: 08/11/2018!
File matchups_08112018, WITH extra Pitching stats was created!
Matchup file copied to web app
Getting pregame_08122018 file started...
File pregame_08122018 was created!
Opened Game Info file for date: 08/12/2018!
Opened matchups file for date: 08/12/2018!
File matchups_08122018, WITH extra Pitching stats was created!
Matchup file copied to web app
Getting pregame_08132018 file started...
File pregame_08132018 was created!
Opened Game Info file for date: 08/13/2018!
Opened matchups file for date: 08/13/2018!
File matchups_08132018, WITH extra Pitching stats was created!
Matchup file copied to web app
Getting pregame_08142018 file started...
File pregame_08142018 was created!
Opened Game Info file for date: 08/14/2018!
Opened matchups file for date: 08/14/2018!
File matchups_08142018, WITH extra Pitching stats was created!
Matchup file copied to web app
Getting pregame_08152018 file started...
File pregame_08152018 was created!
Opened Game Info file for date: 08/15/2018!
Opened matchups file for date: 08/15/2018!
File matchups_08152018, WITH extra Pitching stats was created!
Matchup file copied to web app
Getting pregame_08162018 file started...
File pregame_08162018 was created!
Opened Game Info file for date: 08/16/2018!
Opened matchups file for date: 08/16/2018!
File matchups_08162018, WITH extra Pitching stats was created!
Matchup file copied to web app
Getting pregame_08172018 file started...
File pregame_08172018 was created!
Opened Game Info file for date: 08/17/2018!
Opened matchups file for date: 08/17/2018!
File matchups_08172018, WITH extra Pitching stats was created!
Matchup file copied to web app
Getting pregame_08182018 file started...
File pregame_08182018 was created!
Opened Game Info file for date: 08/18/2018!
Opened matchups file for date: 08/18/2018!
File matchups_08182018, WITH extra Pitching stats was created!
Matchup file copied to web app
Getting pregame_08192018 file started...
File pregame_08192018 was created!
Opened Game Info file for date: 08/19/2018!
Opened matchups file for date: 08/19/2018!
File matchups_08192018, WITH extra Pitching stats was created!
Matchup file copied to web app
Getting pregame_08202018 file started...
File pregame_08202018 was created!
Opened Game Info file for date: 08/20/2018!
Opened matchups file for date: 08/20/2018!
File matchups_08202018, WITH extra Pitching stats was created!
Matchup file copied to web app
Getting pregame_08212018 file started...
File pregame_08212018 was created!
Opened Game Info file for date: 08/21/2018!
Opened matchups file for date: 08/21/2018!
File matchups_08212018, WITH extra Pitching stats was created!
Matchup file copied to web app
Getting pregame_08222018 file started...
File pregame_08222018 was created!
Opened Game Info file for date: 08/22/2018!
Opened matchups file for date: 08/22/2018!
File matchups_08222018, WITH extra Pitching stats was created!
Matchup file copied to web app
Getting pregame_08232018 file started...
File pregame_08232018 was created!
Opened Game Info file for date: 08/23/2018!
Opened matchups file for date: 08/23/2018!
File matchups_08232018, WITH extra Pitching stats was created!
Matchup file copied to web app
Getting pregame_08242018 file started...
File pregame_08242018 was created!
Opened Game Info file for date: 08/24/2018!
Opened matchups file for date: 08/24/2018!
File matchups_08242018, WITH extra Pitching stats was created!
Matchup file copied to web app
Getting pregame_08252018 file started...
File pregame_08252018 was created!
Opened Game Info file for date: 08/25/2018!
Opened matchups file for date: 08/25/2018!
File matchups_08252018, WITH extra Pitching stats was created!
Matchup file copied to web app
Getting pregame_08262018 file started...
File pregame_08262018 was created!
Opened Game Info file for date: 08/26/2018!
Opened matchups file for date: 08/26/2018!
File matchups_08262018, WITH extra Pitching stats was created!
Matchup file copied to web app
Getting pregame_08272018 file started...
File pregame_08272018 was created!
Opened Game Info file for date: 08/27/2018!
Opened matchups file for date: 08/27/2018!
File matchups_08272018, WITH extra Pitching stats was created!
Matchup file copied to web app
Getting pregame_08282018 file started...
File pregame_08282018 was created!
Opened Game Info file for date: 08/28/2018!
Opened matchups file for date: 08/28/2018!
File matchups_08282018, WITH extra Pitching stats was created!
Matchup file copied to web app
Getting pregame_08292018 file started...
File pregame_08292018 was created!
Opened Game Info file for date: 08/29/2018!
Opened matchups file for date: 08/29/2018!
File matchups_08292018, WITH extra Pitching stats was created!
Matchup file copied to web app
Getting pregame_08302018 file started...
File pregame_08302018 was created!
Opened Game Info file for date: 08/30/2018!
Opened matchups file for date: 08/30/2018!
File matchups_08302018, WITH extra Pitching stats was created!
Matchup file copied to web app
Getting pregame_08312018 file started...
File pregame_08312018 was created!
Opened Game Info file for date: 08/31/2018!
Opened matchups file for date: 08/31/2018!
File matchups_08312018, WITH extra Pitching stats was created!
Matchup file copied to web app
********** COMPLETED SUCCESSFULLY **********
