Getting pregame_04042018 file started...
File pregame_04042018 was created!
Opened Game Info file for date: 04/04/2018!
Opened matchups file for date: 04/04/2018!
File matchups_04042018, WITH extra Pitching stats was created!
Matchup file copied to web app
Getting pregame_04052018 file started...
File pregame_04052018 was created!
Opened Game Info file for date: 04/05/2018!
Opened matchups file for date: 04/05/2018!
File matchups_04052018, WITH extra Pitching stats was created!
Matchup file copied to web app
Getting pregame_04062018 file started...
File pregame_04062018 was created!
Opened Game Info file for date: 04/06/2018!
Opened matchups file for date: 04/06/2018!
File matchups_04062018, WITH extra Pitching stats was created!
Matchup file copied to web app
Getting pregame_04072018 file started...
File pregame_04072018 was created!
Opened Game Info file for date: 04/07/2018!
Opened matchups file for date: 04/07/2018!
File matchups_04072018, WITH extra Pitching stats was created!
Matchup file copied to web app
Getting pregame_04082018 file started...
File pregame_04082018 was created!
Opened Game Info file for date: 04/08/2018!
Opened matchups file for date: 04/08/2018!
File matchups_04082018, WITH extra Pitching stats was created!
Matchup file copied to web app
Getting pregame_04092018 file started...
File pregame_04092018 was created!
Opened Game Info file for date: 04/09/2018!
Opened matchups file for date: 04/09/2018!
File matchups_04092018, WITH extra Pitching stats was created!
Matchup file copied to web app
Getting pregame_04102018 file started...
File pregame_04102018 was created!
Opened Game Info file for date: 04/10/2018!
Opened matchups file for date: 04/10/2018!
File matchups_04102018, WITH extra Pitching stats was created!
Matchup file copied to web app
