Getting pregame_07012018 file started...
File pregame_07012018 was created!
Opened Game Info file for date: 07/01/2018!
Opened matchups file for date: 07/01/2018!
File matchups_07012018, WITH extra Pitching stats was created!
Matchup file copied to web app
Getting pregame_07022018 file started...
File pregame_07022018 was created!
Opened Game Info file for date: 07/02/2018!
Opened matchups file for date: 07/02/2018!
File matchups_07022018, WITH extra Pitching stats was created!
Matchup file copied to web app
Getting pregame_07032018 file started...
File pregame_07032018 was created!
Opened Game Info file for date: 07/03/2018!
Opened matchups file for date: 07/03/2018!
File matchups_07032018, WITH extra Pitching stats was created!
Matchup file copied to web app
Getting pregame_07042018 file started...
File pregame_07042018 was created!
Opened Game Info file for date: 07/04/2018!
Opened matchups file for date: 07/04/2018!
File matchups_07042018, WITH extra Pitching stats was created!
Matchup file copied to web app
Getting pregame_07052018 file started...
File pregame_07052018 was created!
Opened Game Info file for date: 07/05/2018!
Opened matchups file for date: 07/05/2018!
File matchups_07052018, WITH extra Pitching stats was created!
Matchup file copied to web app
Getting pregame_07062018 file started...
File pregame_07062018 was created!
Opened Game Info file for date: 07/06/2018!
Opened matchups file for date: 07/06/2018!
File matchups_07062018, WITH extra Pitching stats was created!
Matchup file copied to web app
Getting pregame_07072018 file started...
File pregame_07072018 was created!
Opened Game Info file for date: 07/07/2018!
Opened matchups file for date: 07/07/2018!
File matchups_07072018, WITH extra Pitching stats was created!
Matchup file copied to web app
Getting pregame_07082018 file started...
File pregame_07082018 was created!
Opened Game Info file for date: 07/08/2018!
Opened matchups file for date: 07/08/2018!
File matchups_07082018, WITH extra Pitching stats was created!
Matchup file copied to web app
Getting pregame_07092018 file started...
File pregame_07092018 was created!
Opened Game Info file for date: 07/09/2018!
Opened matchups file for date: 07/09/2018!
File matchups_07092018, WITH extra Pitching stats was created!
Matchup file copied to web app
Getting pregame_07102018 file started...
File pregame_07102018 was created!
Opened Game Info file for date: 07/10/2018!
Opened matchups file for date: 07/10/2018!
File matchups_07102018, WITH extra Pitching stats was created!
Matchup file copied to web app
Getting pregame_07112018 file started...
File pregame_07112018 was created!
Opened Game Info file for date: 07/11/2018!
Opened matchups file for date: 07/11/2018!
File matchups_07112018, WITH extra Pitching stats was created!
Matchup file copied to web app
Getting pregame_07122018 file started...
File pregame_07122018 was created!
Opened Game Info file for date: 07/12/2018!
Opened matchups file for date: 07/12/2018!
File matchups_07122018, WITH extra Pitching stats was created!
Matchup file copied to web app
Getting pregame_07132018 file started...
File pregame_07132018 was created!
Opened Game Info file for date: 07/13/2018!
Opened matchups file for date: 07/13/2018!
File matchups_07132018, WITH extra Pitching stats was created!
Matchup file copied to web app
Getting pregame_07142018 file started...
File pregame_07142018 was created!
Opened Game Info file for date: 07/14/2018!
Opened matchups file for date: 07/14/2018!
File matchups_07142018, WITH extra Pitching stats was created!
Matchup file copied to web app
Getting pregame_07152018 file started...
File pregame_07152018 was created!
Opened Game Info file for date: 07/15/2018!
Opened matchups file for date: 07/15/2018!
File matchups_07152018, WITH extra Pitching stats was created!
Matchup file copied to web app
Getting pregame_07162018 file started...
Opened Game Info file for date: 07/16/2018!
Opened matchups file for date: 07/16/2018!
File matchups_07162018, WITH extra Pitching stats was created!
Matchup file copied to web app
Getting pregame_07172018 file started...
Opened Game Info file for date: 07/17/2018!
Opened matchups file for date: 07/17/2018!
File matchups_07172018, WITH extra Pitching stats was created!
Matchup file copied to web app
Getting pregame_07182018 file started...
Opened Game Info file for date: 07/18/2018!
Opened matchups file for date: 07/18/2018!
File matchups_07182018, WITH extra Pitching stats was created!
Matchup file copied to web app
Getting pregame_07192018 file started...
File pregame_07192018 was created!
Opened Game Info file for date: 07/19/2018!
Opened matchups file for date: 07/19/2018!
File matchups_07192018, WITH extra Pitching stats was created!
Matchup file copied to web app
Getting pregame_07202018 file started...
File pregame_07202018 was created!
Opened Game Info file for date: 07/20/2018!
Opened matchups file for date: 07/20/2018!
File matchups_07202018, WITH extra Pitching stats was created!
Matchup file copied to web app
Getting pregame_07212018 file started...
File pregame_07212018 was created!
Opened Game Info file for date: 07/21/2018!
Opened matchups file for date: 07/21/2018!
File matchups_07212018, WITH extra Pitching stats was created!
Matchup file copied to web app
Getting pregame_07222018 file started...
File pregame_07222018 was created!
Opened Game Info file for date: 07/22/2018!
Opened matchups file for date: 07/22/2018!
File matchups_07222018, WITH extra Pitching stats was created!
Matchup file copied to web app
Getting pregame_07232018 file started...
File pregame_07232018 was created!
Opened Game Info file for date: 07/23/2018!
Opened matchups file for date: 07/23/2018!
File matchups_07232018, WITH extra Pitching stats was created!
Matchup file copied to web app
Getting pregame_07242018 file started...
File pregame_07242018 was created!
Opened Game Info file for date: 07/24/2018!
Opened matchups file for date: 07/24/2018!
File matchups_07242018, WITH extra Pitching stats was created!
Matchup file copied to web app
Getting pregame_07252018 file started...
File pregame_07252018 was created!
Opened Game Info file for date: 07/25/2018!
Opened matchups file for date: 07/25/2018!
File matchups_07252018, WITH extra Pitching stats was created!
Matchup file copied to web app
Getting pregame_07262018 file started...
File pregame_07262018 was created!
Opened Game Info file for date: 07/26/2018!
Opened matchups file for date: 07/26/2018!
File matchups_07262018, WITH extra Pitching stats was created!
Matchup file copied to web app
Getting pregame_07272018 file started...
File pregame_07272018 was created!
Opened Game Info file for date: 07/27/2018!
Opened matchups file for date: 07/27/2018!
File matchups_07272018, WITH extra Pitching stats was created!
Matchup file copied to web app
Getting pregame_07282018 file started...
File pregame_07282018 was created!
Opened Game Info file for date: 07/28/2018!
Opened matchups file for date: 07/28/2018!
File matchups_07282018, WITH extra Pitching stats was created!
Matchup file copied to web app
Getting pregame_07292018 file started...
File pregame_07292018 was created!
Opened Game Info file for date: 07/29/2018!
Opened matchups file for date: 07/29/2018!
File matchups_07292018, WITH extra Pitching stats was created!
Matchup file copied to web app
Getting pregame_07302018 file started...
File pregame_07302018 was created!
Opened Game Info file for date: 07/30/2018!
Opened matchups file for date: 07/30/2018!
File matchups_07302018, WITH extra Pitching stats was created!
Matchup file copied to web app
Getting pregame_07312018 file started...
File pregame_07312018 was created!
Opened Game Info file for date: 07/31/2018!
Opened matchups file for date: 07/31/2018!
File matchups_07312018, WITH extra Pitching stats was created!
Matchup file copied to web app
********** COMPLETED SUCCESSFULLY **********
