Getting pregame_06012018 file started...
File pregame_06012018 was created!
Opened Game Info file for date: 06/01/2018!
Opened matchups file for date: 06/01/2018!
File matchups_06012018, WITH extra Pitching stats was created!
Matchup file copied to web app
Getting pregame_06022018 file started...
File pregame_06022018 was created!
Opened Game Info file for date: 06/02/2018!
Opened matchups file for date: 06/02/2018!
File matchups_06022018, WITH extra Pitching stats was created!
Matchup file copied to web app
Getting pregame_06032018 file started...
File pregame_06032018 was created!
Opened Game Info file for date: 06/03/2018!
Opened matchups file for date: 06/03/2018!
File matchups_06032018, WITH extra Pitching stats was created!
Matchup file copied to web app
Getting pregame_06042018 file started...
File pregame_06042018 was created!
Opened Game Info file for date: 06/04/2018!
Opened matchups file for date: 06/04/2018!
File matchups_06042018, WITH extra Pitching stats was created!
Matchup file copied to web app
Getting pregame_06052018 file started...
File pregame_06052018 was created!
Opened Game Info file for date: 06/05/2018!
Opened matchups file for date: 06/05/2018!
File matchups_06052018, WITH extra Pitching stats was created!
Matchup file copied to web app
Getting pregame_06062018 file started...
File pregame_06062018 was created!
Opened Game Info file for date: 06/06/2018!
Opened matchups file for date: 06/06/2018!
File matchups_06062018, WITH extra Pitching stats was created!
Matchup file copied to web app
Getting pregame_06072018 file started...
File pregame_06072018 was created!
Opened Game Info file for date: 06/07/2018!
Opened matchups file for date: 06/07/2018!
File matchups_06072018, WITH extra Pitching stats was created!
Matchup file copied to web app
Getting pregame_06082018 file started...
File pregame_06082018 was created!
Opened Game Info file for date: 06/08/2018!
Opened matchups file for date: 06/08/2018!
File matchups_06082018, WITH extra Pitching stats was created!
Matchup file copied to web app
Getting pregame_06092018 file started...
File pregame_06092018 was created!
Opened Game Info file for date: 06/09/2018!
Opened matchups file for date: 06/09/2018!
File matchups_06092018, WITH extra Pitching stats was created!
Matchup file copied to web app
Getting pregame_06102018 file started...
File pregame_06102018 was created!
Opened Game Info file for date: 06/10/2018!
Opened matchups file for date: 06/10/2018!
File matchups_06102018, WITH extra Pitching stats was created!
Matchup file copied to web app
Getting pregame_06112018 file started...
File pregame_06112018 was created!
Opened Game Info file for date: 06/11/2018!
Opened matchups file for date: 06/11/2018!
File matchups_06112018, WITH extra Pitching stats was created!
Matchup file copied to web app
Getting pregame_06122018 file started...
File pregame_06122018 was created!
Opened Game Info file for date: 06/12/2018!
Opened matchups file for date: 06/12/2018!
File matchups_06122018, WITH extra Pitching stats was created!
Matchup file copied to web app
Getting pregame_06132018 file started...
File pregame_06132018 was created!
Opened Game Info file for date: 06/13/2018!
Opened matchups file for date: 06/13/2018!
File matchups_06132018, WITH extra Pitching stats was created!
Matchup file copied to web app
Getting pregame_06142018 file started...
File pregame_06142018 was created!
Opened Game Info file for date: 06/14/2018!
Opened matchups file for date: 06/14/2018!
File matchups_06142018, WITH extra Pitching stats was created!
Matchup file copied to web app
Getting pregame_06152018 file started...
File pregame_06152018 was created!
Opened Game Info file for date: 06/15/2018!
Opened matchups file for date: 06/15/2018!
File matchups_06152018, WITH extra Pitching stats was created!
Matchup file copied to web app
Getting pregame_06162018 file started...
File pregame_06162018 was created!
Opened Game Info file for date: 06/16/2018!
Opened matchups file for date: 06/16/2018!
File matchups_06162018, WITH extra Pitching stats was created!
Matchup file copied to web app
Getting pregame_06172018 file started...
File pregame_06172018 was created!
Opened Game Info file for date: 06/17/2018!
Opened matchups file for date: 06/17/2018!
File matchups_06172018, WITH extra Pitching stats was created!
Matchup file copied to web app
Getting pregame_06182018 file started...
File pregame_06182018 was created!
Opened Game Info file for date: 06/18/2018!
Opened matchups file for date: 06/18/2018!
File matchups_06182018, WITH extra Pitching stats was created!
Matchup file copied to web app
Getting pregame_06192018 file started...
File pregame_06192018 was created!
Opened Game Info file for date: 06/19/2018!
Opened matchups file for date: 06/19/2018!
File matchups_06192018, WITH extra Pitching stats was created!
Matchup file copied to web app
Getting pregame_06202018 file started...
File pregame_06202018 was created!
Opened Game Info file for date: 06/20/2018!
Opened matchups file for date: 06/20/2018!
File matchups_06202018, WITH extra Pitching stats was created!
Matchup file copied to web app
Getting pregame_06212018 file started...
File pregame_06212018 was created!
Opened Game Info file for date: 06/21/2018!
Opened matchups file for date: 06/21/2018!
File matchups_06212018, WITH extra Pitching stats was created!
Matchup file copied to web app
Getting pregame_06222018 file started...
File pregame_06222018 was created!
Opened Game Info file for date: 06/22/2018!
Opened matchups file for date: 06/22/2018!
File matchups_06222018, WITH extra Pitching stats was created!
Matchup file copied to web app
Getting pregame_06232018 file started...
File pregame_06232018 was created!
Opened Game Info file for date: 06/23/2018!
Opened matchups file for date: 06/23/2018!
File matchups_06232018, WITH extra Pitching stats was created!
Matchup file copied to web app
Getting pregame_06242018 file started...
File pregame_06242018 was created!
Opened Game Info file for date: 06/24/2018!
Opened matchups file for date: 06/24/2018!
File matchups_06242018, WITH extra Pitching stats was created!
Matchup file copied to web app
Getting pregame_06252018 file started...
File pregame_06252018 was created!
Opened Game Info file for date: 06/25/2018!
Opened matchups file for date: 06/25/2018!
File matchups_06252018, WITH extra Pitching stats was created!
Matchup file copied to web app
Getting pregame_06262018 file started...
File pregame_06262018 was created!
Opened Game Info file for date: 06/26/2018!
Opened matchups file for date: 06/26/2018!
File matchups_06262018, WITH extra Pitching stats was created!
Matchup file copied to web app
Getting pregame_06272018 file started...
File pregame_06272018 was created!
Opened Game Info file for date: 06/27/2018!
Opened matchups file for date: 06/27/2018!
File matchups_06272018, WITH extra Pitching stats was created!
Matchup file copied to web app
Getting pregame_06282018 file started...
File pregame_06282018 was created!
Opened Game Info file for date: 06/28/2018!
Opened matchups file for date: 06/28/2018!
File matchups_06282018, WITH extra Pitching stats was created!
Matchup file copied to web app
Getting pregame_06292018 file started...
File pregame_06292018 was created!
Opened Game Info file for date: 06/29/2018!
Opened matchups file for date: 06/29/2018!
File matchups_06292018, WITH extra Pitching stats was created!
Matchup file copied to web app
Getting pregame_06302018 file started...
File pregame_06302018 was created!
Opened Game Info file for date: 06/30/2018!
Opened matchups file for date: 06/30/2018!
File matchups_06302018, WITH extra Pitching stats was created!
Matchup file copied to web app
********** COMPLETED SUCCESSFULLY **********
