Getting pregame_04112018 file started...
File pregame_04112018 was created!
Opened Game Info file for date: 04/11/2018!
Opened matchups file for date: 04/11/2018!
File matchups_04112018, WITH extra Pitching stats was created!
Matchup file copied to web app
Getting pregame_04122018 file started...
File pregame_04122018 was created!
Opened Game Info file for date: 04/12/2018!
Opened matchups file for date: 04/12/2018!
File matchups_04122018, WITH extra Pitching stats was created!
Matchup file copied to web app
Getting pregame_04132018 file started...
File pregame_04132018 was created!
Opened Game Info file for date: 04/13/2018!
Opened matchups file for date: 04/13/2018!
File matchups_04132018, WITH extra Pitching stats was created!
Matchup file copied to web app
Getting pregame_04142018 file started...
File pregame_04142018 was created!
Opened Game Info file for date: 04/14/2018!
Opened matchups file for date: 04/14/2018!
File matchups_04142018, WITH extra Pitching stats was created!
Matchup file copied to web app
Getting pregame_04152018 file started...
File pregame_04152018 was created!
Opened Game Info file for date: 04/15/2018!
Opened matchups file for date: 04/15/2018!
File matchups_04152018, WITH extra Pitching stats was created!
Matchup file copied to web app
Getting pregame_04162018 file started...
File pregame_04162018 was created!
Opened Game Info file for date: 04/16/2018!
Opened matchups file for date: 04/16/2018!
File matchups_04162018, WITH extra Pitching stats was created!
Matchup file copied to web app
Getting pregame_04172018 file started...
File pregame_04172018 was created!
Opened Game Info file for date: 04/17/2018!
Opened matchups file for date: 04/17/2018!
File matchups_04172018, WITH extra Pitching stats was created!
Matchup file copied to web app
Getting pregame_04182018 file started...
File pregame_04182018 was created!
Opened Game Info file for date: 04/18/2018!
Opened matchups file for date: 04/18/2018!
File matchups_04182018, WITH extra Pitching stats was created!
Matchup file copied to web app
Getting pregame_04192018 file started...
File pregame_04192018 was created!
Opened Game Info file for date: 04/19/2018!
Opened matchups file for date: 04/19/2018!
File matchups_04192018, WITH extra Pitching stats was created!
Matchup file copied to web app
Getting pregame_04202018 file started...
File pregame_04202018 was created!
Opened Game Info file for date: 04/20/2018!
Opened matchups file for date: 04/20/2018!
File matchups_04202018, WITH extra Pitching stats was created!
Matchup file copied to web app
Getting pregame_04212018 file started...
File pregame_04212018 was created!
Opened Game Info file for date: 04/21/2018!
Opened matchups file for date: 04/21/2018!
File matchups_04212018, WITH extra Pitching stats was created!
Matchup file copied to web app
Getting pregame_04222018 file started...
File pregame_04222018 was created!
Opened Game Info file for date: 04/22/2018!
Opened matchups file for date: 04/22/2018!
File matchups_04222018, WITH extra Pitching stats was created!
Matchup file copied to web app
Getting pregame_04232018 file started...
File pregame_04232018 was created!
Opened Game Info file for date: 04/23/2018!
Opened matchups file for date: 04/23/2018!
File matchups_04232018, WITH extra Pitching stats was created!
Matchup file copied to web app
Getting pregame_04242018 file started...
File pregame_04242018 was created!
Opened Game Info file for date: 04/24/2018!
Opened matchups file for date: 04/24/2018!
File matchups_04242018, WITH extra Pitching stats was created!
Matchup file copied to web app
Getting pregame_04252018 file started...
File pregame_04252018 was created!
Opened Game Info file for date: 04/25/2018!
Opened matchups file for date: 04/25/2018!
File matchups_04252018, WITH extra Pitching stats was created!
Matchup file copied to web app
Getting pregame_04262018 file started...
File pregame_04262018 was created!
Opened Game Info file for date: 04/26/2018!
Opened matchups file for date: 04/26/2018!
File matchups_04262018, WITH extra Pitching stats was created!
Matchup file copied to web app
Getting pregame_04272018 file started...
File pregame_04272018 was created!
Opened Game Info file for date: 04/27/2018!
Opened matchups file for date: 04/27/2018!
File matchups_04272018, WITH extra Pitching stats was created!
Matchup file copied to web app
Getting pregame_04282018 file started...
File pregame_04282018 was created!
Opened Game Info file for date: 04/28/2018!
Opened matchups file for date: 04/28/2018!
File matchups_04282018, WITH extra Pitching stats was created!
Matchup file copied to web app
Getting pregame_04292018 file started...
File pregame_04292018 was created!
Opened Game Info file for date: 04/29/2018!
Opened matchups file for date: 04/29/2018!
File matchups_04292018, WITH extra Pitching stats was created!
Matchup file copied to web app
Getting pregame_04302018 file started...
File pregame_04302018 was created!
Opened Game Info file for date: 04/30/2018!
Opened matchups file for date: 04/30/2018!
File matchups_04302018, WITH extra Pitching stats was created!
Matchup file copied to web app
********** COMPLETED SUCCESSFULLY **********
