Getting pregame_04012018 file started...
File pregame_04012018 was created!
Opened Game Info file for date: 04/01/2018!
Opened matchups file for date: 04/01/2018!
File matchups_04012018, WITH extra Pitching stats was created!
Matchup file copied to web app
Getting pregame_04022018 file started...
File pregame_04022018 was created!
Opened Game Info file for date: 04/02/2018!
Opened matchups file for date: 04/02/2018!
File matchups_04022018, WITH extra Pitching stats was created!
Matchup file copied to web app
Getting pregame_04032018 file started...
File pregame_04032018 was created!
Opened Game Info file for date: 04/03/2018!
Opened matchups file for date: 04/03/2018!
File matchups_04032018, WITH extra Pitching stats was created!
Matchup file copied to web app
Getting pregame_04042018 file started...
File pregame_04042018 was created!
Opened Game Info file for date: 04/04/2018!
Opened matchups file for date: 04/04/2018!
File matchups_04042018, WITH extra Pitching stats was created!
Matchup file copied to web app
Getting pregame_04052018 file started...
File pregame_04052018 was created!
Opened Game Info file for date: 04/05/2018!
Opened matchups file for date: 04/05/2018!
File matchups_04052018, WITH extra Pitching stats was created!
Matchup file copied to web app
Getting pregame_04062018 file started...
File pregame_04062018 was created!
Opened Game Info file for date: 04/06/2018!
Opened matchups file for date: 04/06/2018!
File matchups_04062018, WITH extra Pitching stats was created!
Matchup file copied to web app
Getting pregame_04072018 file started...
File pregame_04072018 was created!
Opened Game Info file for date: 04/07/2018!
Opened matchups file for date: 04/07/2018!
File matchups_04072018, WITH extra Pitching stats was created!
Matchup file copied to web app
Getting pregame_04082018 file started...
File pregame_04082018 was created!
Opened Game Info file for date: 04/08/2018!
Opened matchups file for date: 04/08/2018!
File matchups_04082018, WITH extra Pitching stats was created!
Matchup file copied to web app
Getting pregame_04092018 file started...
File pregame_04092018 was created!
Opened Game Info file for date: 04/09/2018!
Opened matchups file for date: 04/09/2018!
File matchups_04092018, WITH extra Pitching stats was created!
Matchup file copied to web app
Getting pregame_04102018 file started...
File pregame_04102018 was created!
Opened Game Info file for date: 04/10/2018!
Opened matchups file for date: 04/10/2018!
File matchups_04102018, WITH extra Pitching stats was created!
Matchup file copied to web app
Getting pregame_04112018 file started...
File pregame_04112018 was created!
Opened Game Info file for date: 04/11/2018!
Opened matchups file for date: 04/11/2018!
File matchups_04112018, WITH extra Pitching stats was created!
Matchup file copied to web app
Getting pregame_04122018 file started...
File pregame_04122018 was created!
Opened Game Info file for date: 04/12/2018!
Opened matchups file for date: 04/12/2018!
File matchups_04122018, WITH extra Pitching stats was created!
Matchup file copied to web app
Getting pregame_04132018 file started...
File pregame_04132018 was created!
Opened Game Info file for date: 04/13/2018!
Opened matchups file for date: 04/13/2018!
File matchups_04132018, WITH extra Pitching stats was created!
Matchup file copied to web app
Getting pregame_04142018 file started...
File pregame_04142018 was created!
Opened Game Info file for date: 04/14/2018!
Opened matchups file for date: 04/14/2018!
File matchups_04142018, WITH extra Pitching stats was created!
Matchup file copied to web app
Getting pregame_04152018 file started...
File pregame_04152018 was created!
Opened Game Info file for date: 04/15/2018!
Opened matchups file for date: 04/15/2018!
File matchups_04152018, WITH extra Pitching stats was created!
Matchup file copied to web app
Getting pregame_04162018 file started...
File pregame_04162018 was created!
Opened Game Info file for date: 04/16/2018!
Opened matchups file for date: 04/16/2018!
File matchups_04162018, WITH extra Pitching stats was created!
Matchup file copied to web app
Getting pregame_04172018 file started...
File pregame_04172018 was created!
Opened Game Info file for date: 04/17/2018!
Opened matchups file for date: 04/17/2018!
File matchups_04172018, WITH extra Pitching stats was created!
Matchup file copied to web app
Getting pregame_04182018 file started...
File pregame_04182018 was created!
Opened Game Info file for date: 04/18/2018!
Opened matchups file for date: 04/18/2018!
File matchups_04182018, WITH extra Pitching stats was created!
Matchup file copied to web app
Getting pregame_04192018 file started...
File pregame_04192018 was created!
Opened Game Info file for date: 04/19/2018!
Opened matchups file for date: 04/19/2018!
File matchups_04192018, WITH extra Pitching stats was created!
Matchup file copied to web app
Getting pregame_04202018 file started...
File pregame_04202018 was created!
Opened Game Info file for date: 04/20/2018!
Opened matchups file for date: 04/20/2018!
File matchups_04202018, WITH extra Pitching stats was created!
Matchup file copied to web app
Getting pregame_04212018 file started...
File pregame_04212018 was created!
Opened Game Info file for date: 04/21/2018!
Opened matchups file for date: 04/21/2018!
File matchups_04212018, WITH extra Pitching stats was created!
Matchup file copied to web app
Getting pregame_04222018 file started...
File pregame_04222018 was created!
Opened Game Info file for date: 04/22/2018!
Opened matchups file for date: 04/22/2018!
File matchups_04222018, WITH extra Pitching stats was created!
Matchup file copied to web app
Getting pregame_04232018 file started...
File pregame_04232018 was created!
Opened Game Info file for date: 04/23/2018!
Opened matchups file for date: 04/23/2018!
File matchups_04232018, WITH extra Pitching stats was created!
Matchup file copied to web app
Getting pregame_04242018 file started...
File pregame_04242018 was created!
Opened Game Info file for date: 04/24/2018!
Opened matchups file for date: 04/24/2018!
File matchups_04242018, WITH extra Pitching stats was created!
Matchup file copied to web app
Getting pregame_04252018 file started...
File pregame_04252018 was created!
Opened Game Info file for date: 04/25/2018!
Opened matchups file for date: 04/25/2018!
File matchups_04252018, WITH extra Pitching stats was created!
Matchup file copied to web app
Getting pregame_04262018 file started...
File pregame_04262018 was created!
Opened Game Info file for date: 04/26/2018!
Opened matchups file for date: 04/26/2018!
File matchups_04262018, WITH extra Pitching stats was created!
Matchup file copied to web app
Getting pregame_04272018 file started...
File pregame_04272018 was created!
Opened Game Info file for date: 04/27/2018!
Opened matchups file for date: 04/27/2018!
File matchups_04272018, WITH extra Pitching stats was created!
Matchup file copied to web app
Getting pregame_04282018 file started...
File pregame_04282018 was created!
Opened Game Info file for date: 04/28/2018!
Opened matchups file for date: 04/28/2018!
File matchups_04282018, WITH extra Pitching stats was created!
Matchup file copied to web app
Getting pregame_04292018 file started...
File pregame_04292018 was created!
Opened Game Info file for date: 04/29/2018!
Opened matchups file for date: 04/29/2018!
File matchups_04292018, WITH extra Pitching stats was created!
Matchup file copied to web app
Getting pregame_04302018 file started...
File pregame_04302018 was created!
Opened Game Info file for date: 04/30/2018!
Opened matchups file for date: 04/30/2018!
File matchups_04302018, WITH extra Pitching stats was created!
Matchup file copied to web app
********** COMPLETED SUCCESSFULLY **********
