Getting pregame_09012018 file started...
File pregame_09012018 was created!
Opened Game Info file for date: 09/01/2018!
Opened matchups file for date: 09/01/2018!
File matchups_09012018, WITH extra Pitching stats was created!
Matchup file copied to web app
Getting pregame_09022018 file started...
File pregame_09022018 was created!
Opened Game Info file for date: 09/02/2018!
Opened matchups file for date: 09/02/2018!
File matchups_09022018, WITH extra Pitching stats was created!
Matchup file copied to web app
Getting pregame_09032018 file started...
File pregame_09032018 was created!
Opened Game Info file for date: 09/03/2018!
Opened matchups file for date: 09/03/2018!
File matchups_09032018, WITH extra Pitching stats was created!
Matchup file copied to web app
Getting pregame_09042018 file started...
File pregame_09042018 was created!
Opened Game Info file for date: 09/04/2018!
Opened matchups file for date: 09/04/2018!
File matchups_09042018, WITH extra Pitching stats was created!
Matchup file copied to web app
Getting pregame_09052018 file started...
File pregame_09052018 was created!
Opened Game Info file for date: 09/05/2018!
Opened matchups file for date: 09/05/2018!
File matchups_09052018, WITH extra Pitching stats was created!
Matchup file copied to web app
Getting pregame_09062018 file started...
File pregame_09062018 was created!
Opened Game Info file for date: 09/06/2018!
Opened matchups file for date: 09/06/2018!
File matchups_09062018, WITH extra Pitching stats was created!
Matchup file copied to web app
Getting pregame_09072018 file started...
File pregame_09072018 was created!
Opened Game Info file for date: 09/07/2018!
Opened matchups file for date: 09/07/2018!
File matchups_09072018, WITH extra Pitching stats was created!
Matchup file copied to web app
Getting pregame_09082018 file started...
File pregame_09082018 was created!
Opened Game Info file for date: 09/08/2018!
Opened matchups file for date: 09/08/2018!
File matchups_09082018, WITH extra Pitching stats was created!
Matchup file copied to web app
Getting pregame_09092018 file started...
File pregame_09092018 was created!
Opened Game Info file for date: 09/09/2018!
Opened matchups file for date: 09/09/2018!
File matchups_09092018, WITH extra Pitching stats was created!
Matchup file copied to web app
Getting pregame_09102018 file started...
File pregame_09102018 was created!
Opened Game Info file for date: 09/10/2018!
Opened matchups file for date: 09/10/2018!
File matchups_09102018, WITH extra Pitching stats was created!
Matchup file copied to web app
Getting pregame_09112018 file started...
File pregame_09112018 was created!
Opened Game Info file for date: 09/11/2018!
Opened matchups file for date: 09/11/2018!
File matchups_09112018, WITH extra Pitching stats was created!
Matchup file copied to web app
Getting pregame_09122018 file started...
File pregame_09122018 was created!
Opened Game Info file for date: 09/12/2018!
Opened matchups file for date: 09/12/2018!
File matchups_09122018, WITH extra Pitching stats was created!
Matchup file copied to web app
Getting pregame_09132018 file started...
File pregame_09132018 was created!
Opened Game Info file for date: 09/13/2018!
Opened matchups file for date: 09/13/2018!
File matchups_09132018, WITH extra Pitching stats was created!
Matchup file copied to web app
Getting pregame_09142018 file started...
File pregame_09142018 was created!
Opened Game Info file for date: 09/14/2018!
Opened matchups file for date: 09/14/2018!
File matchups_09142018, WITH extra Pitching stats was created!
Matchup file copied to web app
Getting pregame_09152018 file started...
File pregame_09152018 was created!
Opened Game Info file for date: 09/15/2018!
Opened matchups file for date: 09/15/2018!
File matchups_09152018, WITH extra Pitching stats was created!
Matchup file copied to web app
Getting pregame_09162018 file started...
File pregame_09162018 was created!
Opened Game Info file for date: 09/16/2018!
Opened matchups file for date: 09/16/2018!
File matchups_09162018, WITH extra Pitching stats was created!
Matchup file copied to web app
Getting pregame_09172018 file started...
File pregame_09172018 was created!
Opened Game Info file for date: 09/17/2018!
Opened matchups file for date: 09/17/2018!
File matchups_09172018, WITH extra Pitching stats was created!
Matchup file copied to web app
Getting pregame_09182018 file started...
File pregame_09182018 was created!
Opened Game Info file for date: 09/18/2018!
Opened matchups file for date: 09/18/2018!
File matchups_09182018, WITH extra Pitching stats was created!
Matchup file copied to web app
Getting pregame_09192018 file started...
File pregame_09192018 was created!
Opened Game Info file for date: 09/19/2018!
Opened matchups file for date: 09/19/2018!
File matchups_09192018, WITH extra Pitching stats was created!
Matchup file copied to web app
Getting pregame_09202018 file started...
File pregame_09202018 was created!
Opened Game Info file for date: 09/20/2018!
Opened matchups file for date: 09/20/2018!
File matchups_09202018, WITH extra Pitching stats was created!
Matchup file copied to web app
Getting pregame_09212018 file started...
File pregame_09212018 was created!
Opened Game Info file for date: 09/21/2018!
Opened matchups file for date: 09/21/2018!
File matchups_09212018, WITH extra Pitching stats was created!
Matchup file copied to web app
Getting pregame_09222018 file started...
File pregame_09222018 was created!
Opened Game Info file for date: 09/22/2018!
Opened matchups file for date: 09/22/2018!
File matchups_09222018, WITH extra Pitching stats was created!
Matchup file copied to web app
Getting pregame_09232018 file started...
File pregame_09232018 was created!
Opened Game Info file for date: 09/23/2018!
Opened matchups file for date: 09/23/2018!
File matchups_09232018, WITH extra Pitching stats was created!
Matchup file copied to web app
Getting pregame_09242018 file started...
File pregame_09242018 was created!
Opened Game Info file for date: 09/24/2018!
Opened matchups file for date: 09/24/2018!
File matchups_09242018, WITH extra Pitching stats was created!
Matchup file copied to web app
Getting pregame_09252018 file started...
File pregame_09252018 was created!
Opened Game Info file for date: 09/25/2018!
Opened matchups file for date: 09/25/2018!
File matchups_09252018, WITH extra Pitching stats was created!
Matchup file copied to web app
Getting pregame_09262018 file started...
File pregame_09262018 was created!
Opened Game Info file for date: 09/26/2018!
Opened matchups file for date: 09/26/2018!
File matchups_09262018, WITH extra Pitching stats was created!
Matchup file copied to web app
Getting pregame_09272018 file started...
File pregame_09272018 was created!
Opened Game Info file for date: 09/27/2018!
Opened matchups file for date: 09/27/2018!
File matchups_09272018, WITH extra Pitching stats was created!
Matchup file copied to web app
Getting pregame_09282018 file started...
File pregame_09282018 was created!
Opened Game Info file for date: 09/28/2018!
Opened matchups file for date: 09/28/2018!
File matchups_09282018, WITH extra Pitching stats was created!
Matchup file copied to web app
Getting pregame_09292018 file started...
File pregame_09292018 was created!
Opened Game Info file for date: 09/29/2018!
Opened matchups file for date: 09/29/2018!
File matchups_09292018, WITH extra Pitching stats was created!
Matchup file copied to web app
Getting pregame_09302018 file started...
File pregame_09302018 was created!
Opened Game Info file for date: 09/30/2018!
Opened matchups file for date: 09/30/2018!
File matchups_09302018, WITH extra Pitching stats was created!
Matchup file copied to web app
********** COMPLETED SUCCESSFULLY **********
