Getting pregame_05062019 file started...
File pregame_05062019 was created!
Opened Game Info file for date: 05/06/2019!
Opened matchups file for date: 05/06/2019!
File matchups_05062019, WITH extra Pitching stats was created!
Matchup file copied to web app
Getting pregame_05072019 file started...
File pregame_05072019 was created!
Opened Game Info file for date: 05/07/2019!
Opened matchups file for date: 05/07/2019!
File matchups_05072019, WITH extra Pitching stats was created!
Matchup file copied to web app
Getting pregame_05082019 file started...
File pregame_05082019 was created!
Opened Game Info file for date: 05/08/2019!
Opened matchups file for date: 05/08/2019!
File matchups_05082019, WITH extra Pitching stats was created!
Matchup file copied to web app
Getting pregame_05092019 file started...
File pregame_05092019 was created!
Opened Game Info file for date: 05/09/2019!
Opened matchups file for date: 05/09/2019!
File matchups_05092019, WITH extra Pitching stats was created!
Matchup file copied to web app
Getting pregame_05102019 file started...
File pregame_05102019 was created!
Opened Game Info file for date: 05/10/2019!
Opened matchups file for date: 05/10/2019!
File matchups_05102019, WITH extra Pitching stats was created!
Matchup file copied to web app
Getting pregame_05112019 file started...
File pregame_05112019 was created!
Opened Game Info file for date: 05/11/2019!
Opened matchups file for date: 05/11/2019!
File matchups_05112019, WITH extra Pitching stats was created!
Matchup file copied to web app
Getting pregame_05122019 file started...
File pregame_05122019 was created!
Opened Game Info file for date: 05/12/2019!
Opened matchups file for date: 05/12/2019!
File matchups_05122019, WITH extra Pitching stats was created!
Matchup file copied to web app
Getting pregame_05132019 file started...
File pregame_05132019 was created!
Opened Game Info file for date: 05/13/2019!
Opened matchups file for date: 05/13/2019!
File matchups_05132019, WITH extra Pitching stats was created!
Matchup file copied to web app
Getting pregame_05142019 file started...
File pregame_05142019 was created!
Opened Game Info file for date: 05/14/2019!
Opened matchups file for date: 05/14/2019!
File matchups_05142019, WITH extra Pitching stats was created!
Matchup file copied to web app
Getting pregame_05152019 file started...
File pregame_05152019 was created!
Opened Game Info file for date: 05/15/2019!
Opened matchups file for date: 05/15/2019!
File matchups_05152019, WITH extra Pitching stats was created!
Matchup file copied to web app
Getting pregame_05162019 file started...
File pregame_05162019 was created!
Opened Game Info file for date: 05/16/2019!
Opened matchups file for date: 05/16/2019!
File matchups_05162019, WITH extra Pitching stats was created!
Matchup file copied to web app
Getting pregame_05172019 file started...
File pregame_05172019 was created!
Opened Game Info file for date: 05/17/2019!
Opened matchups file for date: 05/17/2019!
File matchups_05172019, WITH extra Pitching stats was created!
Matchup file copied to web app
Getting pregame_05182019 file started...
File pregame_05182019 was created!
Opened Game Info file for date: 05/18/2019!
Opened matchups file for date: 05/18/2019!
File matchups_05182019, WITH extra Pitching stats was created!
Matchup file copied to web app
Getting pregame_05192019 file started...
File pregame_05192019 was created!
Opened Game Info file for date: 05/19/2019!
Opened matchups file for date: 05/19/2019!
File matchups_05192019, WITH extra Pitching stats was created!
Matchup file copied to web app
Getting pregame_05202019 file started...
File pregame_05202019 was created!
Opened Game Info file for date: 05/20/2019!
Opened matchups file for date: 05/20/2019!
File matchups_05202019, WITH extra Pitching stats was created!
Matchup file copied to web app
Getting pregame_05212019 file started...
File pregame_05212019 was created!
Opened Game Info file for date: 05/21/2019!
Opened matchups file for date: 05/21/2019!
File matchups_05212019, WITH extra Pitching stats was created!
Matchup file copied to web app
Getting pregame_05222019 file started...
File pregame_05222019 was created!
Opened Game Info file for date: 05/22/2019!
Opened matchups file for date: 05/22/2019!
File matchups_05222019, WITH extra Pitching stats was created!
Matchup file copied to web app
Getting pregame_05232019 file started...
File pregame_05232019 was created!
Opened Game Info file for date: 05/23/2019!
Opened matchups file for date: 05/23/2019!
File matchups_05232019, WITH extra Pitching stats was created!
Matchup file copied to web app
Getting pregame_05242019 file started...
File pregame_05242019 was created!
Opened Game Info file for date: 05/24/2019!
Opened matchups file for date: 05/24/2019!
File matchups_05242019, WITH extra Pitching stats was created!
Matchup file copied to web app
Getting pregame_05252019 file started...
File pregame_05252019 was created!
Opened Game Info file for date: 05/25/2019!
Opened matchups file for date: 05/25/2019!
File matchups_05252019, WITH extra Pitching stats was created!
Matchup file copied to web app
Getting pregame_05262019 file started...
File pregame_05262019 was created!
Opened Game Info file for date: 05/26/2019!
Opened matchups file for date: 05/26/2019!
File matchups_05262019, WITH extra Pitching stats was created!
Matchup file copied to web app
Getting pregame_05272019 file started...
File pregame_05272019 was created!
Opened Game Info file for date: 05/27/2019!
Opened matchups file for date: 05/27/2019!
File matchups_05272019, WITH extra Pitching stats was created!
Matchup file copied to web app
Getting pregame_05282019 file started...
File pregame_05282019 was created!
Opened Game Info file for date: 05/28/2019!
Opened matchups file for date: 05/28/2019!
File matchups_05282019, WITH extra Pitching stats was created!
Matchup file copied to web app
Getting pregame_05292019 file started...
File pregame_05292019 was created!
Opened Game Info file for date: 05/29/2019!
Opened matchups file for date: 05/29/2019!
File matchups_05292019, WITH extra Pitching stats was created!
Matchup file copied to web app
Getting pregame_05302019 file started...
File pregame_05302019 was created!
Opened Game Info file for date: 05/30/2019!
Opened matchups file for date: 05/30/2019!
File matchups_05302019, WITH extra Pitching stats was created!
Matchup file copied to web app
********** COMPLETED SUCCESSFULLY **********
