Getting pregame_05012018 file started...
File pregame_05012018 was created!
Opened Game Info file for date: 05/01/2018!
Opened matchups file for date: 05/01/2018!
File matchups_05012018, WITH extra Pitching stats was created!
Matchup file copied to web app
Getting pregame_05022018 file started...
File pregame_05022018 was created!
Opened Game Info file for date: 05/02/2018!
Opened matchups file for date: 05/02/2018!
File matchups_05022018, WITH extra Pitching stats was created!
Matchup file copied to web app
Getting pregame_05032018 file started...
File pregame_05032018 was created!
Opened Game Info file for date: 05/03/2018!
Opened matchups file for date: 05/03/2018!
File matchups_05032018, WITH extra Pitching stats was created!
Matchup file copied to web app
Getting pregame_05042018 file started...
File pregame_05042018 was created!
Opened Game Info file for date: 05/04/2018!
Opened matchups file for date: 05/04/2018!
File matchups_05042018, WITH extra Pitching stats was created!
Matchup file copied to web app
Getting pregame_05052018 file started...
File pregame_05052018 was created!
Opened Game Info file for date: 05/05/2018!
Opened matchups file for date: 05/05/2018!
File matchups_05052018, WITH extra Pitching stats was created!
Matchup file copied to web app
Getting pregame_05062018 file started...
File pregame_05062018 was created!
Opened Game Info file for date: 05/06/2018!
Opened matchups file for date: 05/06/2018!
File matchups_05062018, WITH extra Pitching stats was created!
Matchup file copied to web app
Getting pregame_05072018 file started...
File pregame_05072018 was created!
Opened Game Info file for date: 05/07/2018!
Opened matchups file for date: 05/07/2018!
File matchups_05072018, WITH extra Pitching stats was created!
Matchup file copied to web app
Getting pregame_05082018 file started...
File pregame_05082018 was created!
Opened Game Info file for date: 05/08/2018!
Opened matchups file for date: 05/08/2018!
File matchups_05082018, WITH extra Pitching stats was created!
Matchup file copied to web app
Getting pregame_05092018 file started...
File pregame_05092018 was created!
Opened Game Info file for date: 05/09/2018!
Opened matchups file for date: 05/09/2018!
File matchups_05092018, WITH extra Pitching stats was created!
Matchup file copied to web app
Getting pregame_05102018 file started...
File pregame_05102018 was created!
Opened Game Info file for date: 05/10/2018!
Opened matchups file for date: 05/10/2018!
File matchups_05102018, WITH extra Pitching stats was created!
Matchup file copied to web app
Getting pregame_05112018 file started...
File pregame_05112018 was created!
Opened Game Info file for date: 05/11/2018!
Opened matchups file for date: 05/11/2018!
File matchups_05112018, WITH extra Pitching stats was created!
Matchup file copied to web app
Getting pregame_05122018 file started...
File pregame_05122018 was created!
Opened Game Info file for date: 05/12/2018!
Opened matchups file for date: 05/12/2018!
File matchups_05122018, WITH extra Pitching stats was created!
Matchup file copied to web app
Getting pregame_05132018 file started...
File pregame_05132018 was created!
Opened Game Info file for date: 05/13/2018!
Opened matchups file for date: 05/13/2018!
File matchups_05132018, WITH extra Pitching stats was created!
Matchup file copied to web app
Getting pregame_05142018 file started...
File pregame_05142018 was created!
Opened Game Info file for date: 05/14/2018!
Opened matchups file for date: 05/14/2018!
File matchups_05142018, WITH extra Pitching stats was created!
Matchup file copied to web app
Getting pregame_05152018 file started...
File pregame_05152018 was created!
Opened Game Info file for date: 05/15/2018!
Opened matchups file for date: 05/15/2018!
File matchups_05152018, WITH extra Pitching stats was created!
Matchup file copied to web app
Getting pregame_05162018 file started...
File pregame_05162018 was created!
Opened Game Info file for date: 05/16/2018!
Opened matchups file for date: 05/16/2018!
File matchups_05162018, WITH extra Pitching stats was created!
Matchup file copied to web app
Getting pregame_05172018 file started...
File pregame_05172018 was created!
Opened Game Info file for date: 05/17/2018!
Opened matchups file for date: 05/17/2018!
File matchups_05172018, WITH extra Pitching stats was created!
Matchup file copied to web app
Getting pregame_05182018 file started...
File pregame_05182018 was created!
Opened Game Info file for date: 05/18/2018!
Opened matchups file for date: 05/18/2018!
File matchups_05182018, WITH extra Pitching stats was created!
Matchup file copied to web app
Getting pregame_05192018 file started...
File pregame_05192018 was created!
Opened Game Info file for date: 05/19/2018!
Opened matchups file for date: 05/19/2018!
File matchups_05192018, WITH extra Pitching stats was created!
Matchup file copied to web app
Getting pregame_05202018 file started...
File pregame_05202018 was created!
Opened Game Info file for date: 05/20/2018!
Opened matchups file for date: 05/20/2018!
File matchups_05202018, WITH extra Pitching stats was created!
Matchup file copied to web app
Getting pregame_05212018 file started...
File pregame_05212018 was created!
Opened Game Info file for date: 05/21/2018!
Opened matchups file for date: 05/21/2018!
File matchups_05212018, WITH extra Pitching stats was created!
Matchup file copied to web app
Getting pregame_05222018 file started...
File pregame_05222018 was created!
Opened Game Info file for date: 05/22/2018!
Opened matchups file for date: 05/22/2018!
File matchups_05222018, WITH extra Pitching stats was created!
Matchup file copied to web app
Getting pregame_05232018 file started...
File pregame_05232018 was created!
Opened Game Info file for date: 05/23/2018!
Opened matchups file for date: 05/23/2018!
File matchups_05232018, WITH extra Pitching stats was created!
Matchup file copied to web app
Getting pregame_05242018 file started...
File pregame_05242018 was created!
Opened Game Info file for date: 05/24/2018!
Opened matchups file for date: 05/24/2018!
File matchups_05242018, WITH extra Pitching stats was created!
Matchup file copied to web app
Getting pregame_05252018 file started...
File pregame_05252018 was created!
Opened Game Info file for date: 05/25/2018!
Opened matchups file for date: 05/25/2018!
File matchups_05252018, WITH extra Pitching stats was created!
Matchup file copied to web app
Getting pregame_05262018 file started...
File pregame_05262018 was created!
Opened Game Info file for date: 05/26/2018!
Opened matchups file for date: 05/26/2018!
File matchups_05262018, WITH extra Pitching stats was created!
Matchup file copied to web app
Getting pregame_05272018 file started...
File pregame_05272018 was created!
Opened Game Info file for date: 05/27/2018!
Opened matchups file for date: 05/27/2018!
File matchups_05272018, WITH extra Pitching stats was created!
Matchup file copied to web app
Getting pregame_05282018 file started...
File pregame_05282018 was created!
Opened Game Info file for date: 05/28/2018!
Opened matchups file for date: 05/28/2018!
File matchups_05282018, WITH extra Pitching stats was created!
Matchup file copied to web app
Getting pregame_05292018 file started...
File pregame_05292018 was created!
Opened Game Info file for date: 05/29/2018!
Opened matchups file for date: 05/29/2018!
File matchups_05292018, WITH extra Pitching stats was created!
Matchup file copied to web app
Getting pregame_05302018 file started...
File pregame_05302018 was created!
Opened Game Info file for date: 05/30/2018!
Opened matchups file for date: 05/30/2018!
File matchups_05302018, WITH extra Pitching stats was created!
Matchup file copied to web app
Getting pregame_05312018 file started...
File pregame_05312018 was created!
Opened Game Info file for date: 05/31/2018!
Opened matchups file for date: 05/31/2018!
File matchups_05312018, WITH extra Pitching stats was created!
Matchup file copied to web app
********** COMPLETED SUCCESSFULLY **********
