Getting pregame_04012019 file started...
File pregame_04012019 was created!
Opened Game Info file for date: 04/01/2019!
Opened matchups file for date: 04/01/2019!
File matchups_04012019, WITH extra Pitching stats was created!
Matchup file copied to web app
Getting pregame_04022019 file started...
File pregame_04022019 was created!
Opened Game Info file for date: 04/02/2019!
Opened matchups file for date: 04/02/2019!
File matchups_04022019, WITH extra Pitching stats was created!
Matchup file copied to web app
Getting pregame_04032019 file started...
File pregame_04032019 was created!
Opened Game Info file for date: 04/03/2019!
Opened matchups file for date: 04/03/2019!
File matchups_04032019, WITH extra Pitching stats was created!
Matchup file copied to web app
Getting pregame_04042019 file started...
File pregame_04042019 was created!
Opened Game Info file for date: 04/04/2019!
Opened matchups file for date: 04/04/2019!
File matchups_04042019, WITH extra Pitching stats was created!
Matchup file copied to web app
Getting pregame_04052019 file started...
File pregame_04052019 was created!
Opened Game Info file for date: 04/05/2019!
Opened matchups file for date: 04/05/2019!
File matchups_04052019, WITH extra Pitching stats was created!
Matchup file copied to web app
Getting pregame_04062019 file started...
File pregame_04062019 was created!
Opened Game Info file for date: 04/06/2019!
Opened matchups file for date: 04/06/2019!
File matchups_04062019, WITH extra Pitching stats was created!
Matchup file copied to web app
Getting pregame_04072019 file started...
File pregame_04072019 was created!
Opened Game Info file for date: 04/07/2019!
Opened matchups file for date: 04/07/2019!
File matchups_04072019, WITH extra Pitching stats was created!
Matchup file copied to web app
Getting pregame_04082019 file started...
File pregame_04082019 was created!
Opened Game Info file for date: 04/08/2019!
Opened matchups file for date: 04/08/2019!
File matchups_04082019, WITH extra Pitching stats was created!
Matchup file copied to web app
Getting pregame_04092019 file started...
File pregame_04092019 was created!
Opened Game Info file for date: 04/09/2019!
Opened matchups file for date: 04/09/2019!
File matchups_04092019, WITH extra Pitching stats was created!
Matchup file copied to web app
Getting pregame_04102019 file started...
File pregame_04102019 was created!
Opened Game Info file for date: 04/10/2019!
Opened matchups file for date: 04/10/2019!
File matchups_04102019, WITH extra Pitching stats was created!
Matchup file copied to web app
Getting pregame_04112019 file started...
File pregame_04112019 was created!
Opened Game Info file for date: 04/11/2019!
Opened matchups file for date: 04/11/2019!
File matchups_04112019, WITH extra Pitching stats was created!
Matchup file copied to web app
Getting pregame_04122019 file started...
File pregame_04122019 was created!
Opened Game Info file for date: 04/12/2019!
Opened matchups file for date: 04/12/2019!
File matchups_04122019, WITH extra Pitching stats was created!
Matchup file copied to web app
Getting pregame_04132019 file started...
File pregame_04132019 was created!
Opened Game Info file for date: 04/13/2019!
Opened matchups file for date: 04/13/2019!
File matchups_04132019, WITH extra Pitching stats was created!
Matchup file copied to web app
Getting pregame_04142019 file started...
File pregame_04142019 was created!
Opened Game Info file for date: 04/14/2019!
Opened matchups file for date: 04/14/2019!
File matchups_04142019, WITH extra Pitching stats was created!
Matchup file copied to web app
Getting pregame_04152019 file started...
File pregame_04152019 was created!
Opened Game Info file for date: 04/15/2019!
Opened matchups file for date: 04/15/2019!
File matchups_04152019, WITH extra Pitching stats was created!
Matchup file copied to web app
Getting pregame_04162019 file started...
File pregame_04162019 was created!
Opened Game Info file for date: 04/16/2019!
Opened matchups file for date: 04/16/2019!
File matchups_04162019, WITH extra Pitching stats was created!
Matchup file copied to web app
Getting pregame_04172019 file started...
File pregame_04172019 was created!
Opened Game Info file for date: 04/17/2019!
Opened matchups file for date: 04/17/2019!
File matchups_04172019, WITH extra Pitching stats was created!
Matchup file copied to web app
Getting pregame_04182019 file started...
File pregame_04182019 was created!
Opened Game Info file for date: 04/18/2019!
Opened matchups file for date: 04/18/2019!
File matchups_04182019, WITH extra Pitching stats was created!
Matchup file copied to web app
Getting pregame_04192019 file started...
File pregame_04192019 was created!
Opened Game Info file for date: 04/19/2019!
Opened matchups file for date: 04/19/2019!
File matchups_04192019, WITH extra Pitching stats was created!
Matchup file copied to web app
Getting pregame_04202019 file started...
File pregame_04202019 was created!
Opened Game Info file for date: 04/20/2019!
Opened matchups file for date: 04/20/2019!
File matchups_04202019, WITH extra Pitching stats was created!
Matchup file copied to web app
Getting pregame_04212019 file started...
File pregame_04212019 was created!
Opened Game Info file for date: 04/21/2019!
Opened matchups file for date: 04/21/2019!
File matchups_04212019, WITH extra Pitching stats was created!
Matchup file copied to web app
Getting pregame_04222019 file started...
File pregame_04222019 was created!
Opened Game Info file for date: 04/22/2019!
Opened matchups file for date: 04/22/2019!
File matchups_04222019, WITH extra Pitching stats was created!
Matchup file copied to web app
Getting pregame_04232019 file started...
File pregame_04232019 was created!
Opened Game Info file for date: 04/23/2019!
Opened matchups file for date: 04/23/2019!
File matchups_04232019, WITH extra Pitching stats was created!
Matchup file copied to web app
Getting pregame_04242019 file started...
File pregame_04242019 was created!
Opened Game Info file for date: 04/24/2019!
Opened matchups file for date: 04/24/2019!
File matchups_04242019, WITH extra Pitching stats was created!
Matchup file copied to web app
Getting pregame_04252019 file started...
File pregame_04252019 was created!
Opened Game Info file for date: 04/25/2019!
Opened matchups file for date: 04/25/2019!
File matchups_04252019, WITH extra Pitching stats was created!
Matchup file copied to web app
Getting pregame_04262019 file started...
File pregame_04262019 was created!
Opened Game Info file for date: 04/26/2019!
Opened matchups file for date: 04/26/2019!
File matchups_04262019, WITH extra Pitching stats was created!
Matchup file copied to web app
Getting pregame_04272019 file started...
File pregame_04272019 was created!
Opened Game Info file for date: 04/27/2019!
Opened matchups file for date: 04/27/2019!
File matchups_04272019, WITH extra Pitching stats was created!
Matchup file copied to web app
Getting pregame_04282019 file started...
File pregame_04282019 was created!
Opened Game Info file for date: 04/28/2019!
Opened matchups file for date: 04/28/2019!
File matchups_04282019, WITH extra Pitching stats was created!
Matchup file copied to web app
Getting pregame_04292019 file started...
File pregame_04292019 was created!
Opened Game Info file for date: 04/29/2019!
Opened matchups file for date: 04/29/2019!
File matchups_04292019, WITH extra Pitching stats was created!
Matchup file copied to web app
Getting pregame_04302019 file started...
File pregame_04302019 was created!
Opened Game Info file for date: 04/30/2019!
Opened matchups file for date: 04/30/2019!
File matchups_04302019, WITH extra Pitching stats was created!
Matchup file copied to web app
********** COMPLETED SUCCESSFULLY **********
